[2024-11-15T05:48:40.439+0000] {local_task_job_runner.py:120} INFO - ::group::Pre task execution logs
[2024-11-15T05:48:40.855+0000] {taskinstance.py:2076} INFO - Dependencies all met for dep_context=non-requeueable deps ti=<TaskInstance: YfinanceToSnowflake.dbt_test manual__2024-11-15T05:43:28.856593+00:00 [queued]>
[2024-11-15T05:48:40.914+0000] {taskinstance.py:2076} INFO - Dependencies all met for dep_context=requeueable deps ti=<TaskInstance: YfinanceToSnowflake.dbt_test manual__2024-11-15T05:43:28.856593+00:00 [queued]>
[2024-11-15T05:48:40.916+0000] {taskinstance.py:2306} INFO - Starting attempt 1 of 1
[2024-11-15T05:48:40.981+0000] {taskinstance.py:2330} INFO - Executing <Task(BashOperator): dbt_test> on 2024-11-15 05:43:28.856593+00:00
[2024-11-15T05:48:41.036+0000] {standard_task_runner.py:90} INFO - Running: ['***', 'tasks', 'run', 'YfinanceToSnowflake', 'dbt_test', 'manual__2024-11-15T05:43:28.856593+00:00', '--job-id', '382', '--raw', '--subdir', 'DAGS_FOLDER/Conn_Forcasting_DagFile.py', '--cfg-path', '/tmp/tmpy2k3_avj']
[2024-11-15T05:48:41.043+0000] {standard_task_runner.py:91} INFO - Job 382: Subtask dbt_test
[2024-11-15T05:48:41.044+0000] {logging_mixin.py:188} WARNING - /home/***/.local/lib/python3.12/site-packages/***/task/task_runner/standard_task_runner.py:61 DeprecationWarning: This process (pid=20414) is multi-threaded, use of fork() may lead to deadlocks in the child.
[2024-11-15T05:48:41.052+0000] {standard_task_runner.py:63} INFO - Started process 20420 to run task
[2024-11-15T05:48:41.309+0000] {task_command.py:426} INFO - Running <TaskInstance: YfinanceToSnowflake.dbt_test manual__2024-11-15T05:43:28.856593+00:00 [running]> on host 5bbe89177473
[2024-11-15T05:48:42.454+0000] {taskinstance.py:2648} INFO - Exporting env vars: AIRFLOW_CTX_DAG_OWNER='***' AIRFLOW_CTX_DAG_ID='YfinanceToSnowflake' AIRFLOW_CTX_TASK_ID='dbt_test' AIRFLOW_CTX_EXECUTION_DATE='2024-11-15T05:43:28.856593+00:00' AIRFLOW_CTX_TRY_NUMBER='1' AIRFLOW_CTX_DAG_RUN_ID='manual__2024-11-15T05:43:28.856593+00:00'
[2024-11-15T05:48:42.455+0000] {taskinstance.py:430} INFO - ::endgroup::
[2024-11-15T05:48:42.457+0000] {subprocess.py:63} INFO - Tmp dir root location: /tmp
[2024-11-15T05:48:42.459+0000] {subprocess.py:75} INFO - Running command: ['/usr/bin/bash', '-c', 'cd /opt/***/stocks_mau && dbt test --profiles-dir /opt/***/stocks_mau']
[2024-11-15T05:48:42.490+0000] {subprocess.py:86} INFO - Output:
[2024-11-15T05:48:51.645+0000] {subprocess.py:93} INFO - [0m05:48:51  Running with dbt=1.8.7
[2024-11-15T05:48:57.730+0000] {subprocess.py:93} INFO - [0m05:48:57  Registered adapter: snowflake=1.8.4
[2024-11-15T05:49:00.951+0000] {subprocess.py:93} INFO - [0m05:49:00  Found 2 snapshots, 2 models, 6 data tests, 1 source, 459 macros
[2024-11-15T05:49:00.973+0000] {subprocess.py:93} INFO - [0m05:49:00
[2024-11-15T05:49:01.897+0000] {subprocess.py:93} INFO - [0m05:49:01  Concurrency: 1 threads (target='dev')
[2024-11-15T05:49:01.900+0000] {subprocess.py:93} INFO - [0m05:49:01
[2024-11-15T05:49:01.930+0000] {subprocess.py:93} INFO - [0m05:49:01  1 of 6 START test dbt_utils_unique_combination_of_columns_moving_average_date__symbol  [RUN]
[2024-11-15T05:49:01.988+0000] {subprocess.py:93} INFO - [0m05:49:01  1 of 6 ERROR dbt_utils_unique_combination_of_columns_moving_average_date__symbol  [[31mERROR[0m in 0.06s]
[2024-11-15T05:49:01.994+0000] {subprocess.py:93} INFO - [0m05:49:01  2 of 6 START test dbt_utils_unique_combination_of_columns_rsi_date__symbol ..... [RUN]
[2024-11-15T05:49:02.010+0000] {subprocess.py:93} INFO - [0m05:49:02  2 of 6 ERROR dbt_utils_unique_combination_of_columns_rsi_date__symbol .......... [[31mERROR[0m in 0.01s]
[2024-11-15T05:49:02.015+0000] {subprocess.py:93} INFO - [0m05:49:02  3 of 6 START test not_null_moving_average_date ................................. [RUN]
[2024-11-15T05:49:03.022+0000] {subprocess.py:93} INFO - [0m05:49:03  3 of 6 PASS not_null_moving_average_date ....................................... [[32mPASS[0m in 0.99s]
[2024-11-15T05:49:03.045+0000] {subprocess.py:93} INFO - [0m05:49:03  4 of 6 START test not_null_moving_average_symbol ............................... [RUN]
[2024-11-15T05:49:04.410+0000] {subprocess.py:93} INFO - [0m05:49:04  4 of 6 PASS not_null_moving_average_symbol ..................................... [[32mPASS[0m in 1.31s]
[2024-11-15T05:49:04.438+0000] {subprocess.py:93} INFO - [0m05:49:04  5 of 6 START test not_null_rsi_date ............................................ [RUN]
[2024-11-15T05:49:05.682+0000] {subprocess.py:93} INFO - [0m05:49:05  5 of 6 PASS not_null_rsi_date .................................................. [[32mPASS[0m in 1.25s]
[2024-11-15T05:49:05.745+0000] {subprocess.py:93} INFO - [0m05:49:05  6 of 6 START test not_null_rsi_symbol .......................................... [RUN]
[2024-11-15T05:49:07.124+0000] {subprocess.py:93} INFO - [0m05:49:07  6 of 6 PASS not_null_rsi_symbol ................................................ [[32mPASS[0m in 1.37s]
[2024-11-15T05:49:07.198+0000] {subprocess.py:93} INFO - [0m05:49:07
[2024-11-15T05:49:07.253+0000] {subprocess.py:93} INFO - [0m05:49:07  Finished running 6 data tests in 0 hours 0 minutes and 6.22 seconds (6.22s).
[2024-11-15T05:49:07.841+0000] {subprocess.py:93} INFO - [0m05:49:07
[2024-11-15T05:49:07.875+0000] {subprocess.py:93} INFO - [0m05:49:07  [31mCompleted with 2 errors and 0 warnings:[0m
[2024-11-15T05:49:07.888+0000] {subprocess.py:93} INFO - [0m05:49:07
[2024-11-15T05:49:07.895+0000] {subprocess.py:93} INFO - [0m05:49:07    Compilation Error in test dbt_utils_unique_combination_of_columns_moving_average_date__symbol (models/input/schema.yml)
[2024-11-15T05:49:07.896+0000] {subprocess.py:93} INFO -   'dbt_utils' is undefined. This can happen when calling a macro that does not exist. Check for typos and/or install package dependencies with "dbt deps".
[2024-11-15T05:49:07.908+0000] {subprocess.py:93} INFO - [0m05:49:07
[2024-11-15T05:49:07.921+0000] {subprocess.py:93} INFO - [0m05:49:07    Compilation Error in test dbt_utils_unique_combination_of_columns_rsi_date__symbol (models/input/schema.yml)
[2024-11-15T05:49:07.932+0000] {subprocess.py:93} INFO -   'dbt_utils' is undefined. This can happen when calling a macro that does not exist. Check for typos and/or install package dependencies with "dbt deps".
[2024-11-15T05:49:07.937+0000] {subprocess.py:93} INFO - [0m05:49:07
[2024-11-15T05:49:07.955+0000] {subprocess.py:93} INFO - [0m05:49:07  Done. PASS=4 WARN=0 ERROR=2 SKIP=0 TOTAL=6
[2024-11-15T05:49:11.222+0000] {subprocess.py:97} INFO - Command exited with return code 1
[2024-11-15T05:49:11.223+0000] {taskinstance.py:441} INFO - ::group::Post task execution logs
[2024-11-15T05:49:11.242+0000] {taskinstance.py:2905} ERROR - Task failed with exception
Traceback (most recent call last):
  File "/home/airflow/.local/lib/python3.12/site-packages/airflow/models/taskinstance.py", line 465, in _execute_task
    result = _execute_callable(context=context, **execute_callable_kwargs)
             ^^^^^^^^^^^^^^^^^^^^^^^^^^^^^^^^^^^^^^^^^^^^^^^^^^^^^^^^^^^^^
  File "/home/airflow/.local/lib/python3.12/site-packages/airflow/models/taskinstance.py", line 432, in _execute_callable
    return execute_callable(context=context, **execute_callable_kwargs)
           ^^^^^^^^^^^^^^^^^^^^^^^^^^^^^^^^^^^^^^^^^^^^^^^^^^^^^^^^^^^^
  File "/home/airflow/.local/lib/python3.12/site-packages/airflow/models/baseoperator.py", line 400, in wrapper
    return func(self, *args, **kwargs)
           ^^^^^^^^^^^^^^^^^^^^^^^^^^^
  File "/home/airflow/.local/lib/python3.12/site-packages/airflow/operators/bash.py", line 243, in execute
    raise AirflowException(
airflow.exceptions.AirflowException: Bash command failed. The command returned a non-zero exit code 1.
[2024-11-15T05:49:11.250+0000] {taskinstance.py:1206} INFO - Marking task as FAILED. dag_id=YfinanceToSnowflake, task_id=dbt_test, run_id=manual__2024-11-15T05:43:28.856593+00:00, execution_date=20241115T054328, start_date=20241115T054840, end_date=20241115T054911
[2024-11-15T05:49:11.284+0000] {standard_task_runner.py:110} ERROR - Failed to execute job 382 for task dbt_test (Bash command failed. The command returned a non-zero exit code 1.; 20420)
[2024-11-15T05:49:11.323+0000] {local_task_job_runner.py:240} INFO - Task exited with return code 1
[2024-11-15T05:49:11.363+0000] {taskinstance.py:3498} INFO - 0 downstream tasks scheduled from follow-on schedule check
[2024-11-15T05:49:11.374+0000] {local_task_job_runner.py:222} INFO - ::endgroup::
