[2024-11-15T05:38:25.686+0000] {local_task_job_runner.py:120} INFO - ::group::Pre task execution logs
[2024-11-15T05:38:26.265+0000] {taskinstance.py:2076} INFO - Dependencies all met for dep_context=non-requeueable deps ti=<TaskInstance: YfinanceToSnowflake.dbt_test manual__2024-11-15T05:35:43.886171+00:00 [queued]>
[2024-11-15T05:38:26.306+0000] {taskinstance.py:2076} INFO - Dependencies all met for dep_context=requeueable deps ti=<TaskInstance: YfinanceToSnowflake.dbt_test manual__2024-11-15T05:35:43.886171+00:00 [queued]>
[2024-11-15T05:38:26.309+0000] {taskinstance.py:2306} INFO - Starting attempt 1 of 1
[2024-11-15T05:38:26.544+0000] {taskinstance.py:2330} INFO - Executing <Task(BashOperator): dbt_test> on 2024-11-15 05:35:43.886171+00:00
[2024-11-15T05:38:26.579+0000] {standard_task_runner.py:90} INFO - Running: ['***', 'tasks', 'run', 'YfinanceToSnowflake', 'dbt_test', 'manual__2024-11-15T05:35:43.886171+00:00', '--job-id', '374', '--raw', '--subdir', 'DAGS_FOLDER/yfinance_to_snowflake.py', '--cfg-path', '/tmp/tmp2sjcp_kv']
[2024-11-15T05:38:26.628+0000] {standard_task_runner.py:91} INFO - Job 374: Subtask dbt_test
[2024-11-15T05:38:26.664+0000] {logging_mixin.py:188} WARNING - /home/***/.local/lib/python3.12/site-packages/***/task/task_runner/standard_task_runner.py:61 DeprecationWarning: This process (pid=19900) is multi-threaded, use of fork() may lead to deadlocks in the child.
[2024-11-15T05:38:26.666+0000] {standard_task_runner.py:63} INFO - Started process 19916 to run task
[2024-11-15T05:38:26.983+0000] {task_command.py:426} INFO - Running <TaskInstance: YfinanceToSnowflake.dbt_test manual__2024-11-15T05:35:43.886171+00:00 [running]> on host 5bbe89177473
[2024-11-15T05:38:28.358+0000] {taskinstance.py:2648} INFO - Exporting env vars: AIRFLOW_CTX_DAG_OWNER='***' AIRFLOW_CTX_DAG_ID='YfinanceToSnowflake' AIRFLOW_CTX_TASK_ID='dbt_test' AIRFLOW_CTX_EXECUTION_DATE='2024-11-15T05:35:43.886171+00:00' AIRFLOW_CTX_TRY_NUMBER='1' AIRFLOW_CTX_DAG_RUN_ID='manual__2024-11-15T05:35:43.886171+00:00'
[2024-11-15T05:38:28.380+0000] {taskinstance.py:430} INFO - ::endgroup::
[2024-11-15T05:38:28.393+0000] {subprocess.py:63} INFO - Tmp dir root location: /tmp
[2024-11-15T05:38:28.405+0000] {subprocess.py:75} INFO - Running command: ['/usr/bin/bash', '-c', 'cd /opt/***/stocks_mau && dbt test --profiles-dir /opt/***/stocks_mau']
[2024-11-15T05:38:28.476+0000] {subprocess.py:86} INFO - Output:
[2024-11-15T05:38:50.266+0000] {subprocess.py:93} INFO - [0m05:38:50  Running with dbt=1.8.7
[2024-11-15T05:39:00.790+0000] {subprocess.py:93} INFO - [0m05:39:00  Registered adapter: snowflake=1.8.4
[2024-11-15T05:39:09.372+0000] {subprocess.py:93} INFO - [0m05:39:09  Found 2 snapshots, 2 models, 6 data tests, 1 source, 459 macros
[2024-11-15T05:39:09.554+0000] {subprocess.py:93} INFO - [0m05:39:09
[2024-11-15T05:39:11.937+0000] {subprocess.py:93} INFO - [0m05:39:11  Concurrency: 1 threads (target='dev')
[2024-11-15T05:39:11.970+0000] {subprocess.py:93} INFO - [0m05:39:11
[2024-11-15T05:39:12.026+0000] {subprocess.py:93} INFO - [0m05:39:12  1 of 6 START test dbt_utils_unique_combination_of_columns_moving_average_date__symbol  [RUN]
[2024-11-15T05:39:12.307+0000] {subprocess.py:93} INFO - [0m05:39:12  1 of 6 ERROR dbt_utils_unique_combination_of_columns_moving_average_date__symbol  [[31mERROR[0m in 0.28s]
[2024-11-15T05:39:12.338+0000] {subprocess.py:93} INFO - [0m05:39:12  2 of 6 START test dbt_utils_unique_combination_of_columns_rsi_date__symbol ..... [RUN]
[2024-11-15T05:39:12.513+0000] {subprocess.py:93} INFO - [0m05:39:12  2 of 6 ERROR dbt_utils_unique_combination_of_columns_rsi_date__symbol .......... [[31mERROR[0m in 0.15s]
[2024-11-15T05:39:12.680+0000] {subprocess.py:93} INFO - [0m05:39:12  3 of 6 START test not_null_moving_average_date ................................. [RUN]
[2024-11-15T05:39:14.549+0000] {subprocess.py:93} INFO - [0m05:39:14  3 of 6 PASS not_null_moving_average_date ....................................... [[32mPASS[0m in 1.87s]
[2024-11-15T05:39:14.588+0000] {subprocess.py:93} INFO - [0m05:39:14  4 of 6 START test not_null_moving_average_symbol ............................... [RUN]
[2024-11-15T05:39:15.601+0000] {subprocess.py:93} INFO - [0m05:39:15  4 of 6 PASS not_null_moving_average_symbol ..................................... [[32mPASS[0m in 1.01s]
[2024-11-15T05:39:15.612+0000] {subprocess.py:93} INFO - [0m05:39:15  5 of 6 START test not_null_rsi_date ............................................ [RUN]
[2024-11-15T05:39:16.398+0000] {subprocess.py:93} INFO - [0m05:39:16  5 of 6 PASS not_null_rsi_date .................................................. [[32mPASS[0m in 0.78s]
[2024-11-15T05:39:16.411+0000] {subprocess.py:93} INFO - [0m05:39:16  6 of 6 START test not_null_rsi_symbol .......................................... [RUN]
[2024-11-15T05:39:17.231+0000] {subprocess.py:93} INFO - [0m05:39:17  6 of 6 PASS not_null_rsi_symbol ................................................ [[32mPASS[0m in 0.81s]
[2024-11-15T05:39:17.267+0000] {subprocess.py:93} INFO - [0m05:39:17
[2024-11-15T05:39:17.271+0000] {subprocess.py:93} INFO - [0m05:39:17  Finished running 6 data tests in 0 hours 0 minutes and 7.71 seconds (7.71s).
[2024-11-15T05:39:17.491+0000] {subprocess.py:93} INFO - [0m05:39:17
[2024-11-15T05:39:17.493+0000] {subprocess.py:93} INFO - [0m05:39:17  [31mCompleted with 2 errors and 0 warnings:[0m
[2024-11-15T05:39:17.495+0000] {subprocess.py:93} INFO - [0m05:39:17
[2024-11-15T05:39:17.498+0000] {subprocess.py:93} INFO - [0m05:39:17    Compilation Error in test dbt_utils_unique_combination_of_columns_moving_average_date__symbol (models/input/schema.yml)
[2024-11-15T05:39:17.500+0000] {subprocess.py:93} INFO -   'dbt_utils' is undefined. This can happen when calling a macro that does not exist. Check for typos and/or install package dependencies with "dbt deps".
[2024-11-15T05:39:17.506+0000] {subprocess.py:93} INFO - [0m05:39:17
[2024-11-15T05:39:17.507+0000] {subprocess.py:93} INFO - [0m05:39:17    Compilation Error in test dbt_utils_unique_combination_of_columns_rsi_date__symbol (models/input/schema.yml)
[2024-11-15T05:39:17.508+0000] {subprocess.py:93} INFO -   'dbt_utils' is undefined. This can happen when calling a macro that does not exist. Check for typos and/or install package dependencies with "dbt deps".
[2024-11-15T05:39:17.510+0000] {subprocess.py:93} INFO - [0m05:39:17
[2024-11-15T05:39:17.511+0000] {subprocess.py:93} INFO - [0m05:39:17  Done. PASS=4 WARN=0 ERROR=2 SKIP=0 TOTAL=6
[2024-11-15T05:39:24.281+0000] {subprocess.py:97} INFO - Command exited with return code 1
[2024-11-15T05:39:24.284+0000] {taskinstance.py:441} INFO - ::group::Post task execution logs
[2024-11-15T05:39:24.330+0000] {taskinstance.py:2905} ERROR - Task failed with exception
Traceback (most recent call last):
  File "/home/airflow/.local/lib/python3.12/site-packages/airflow/models/taskinstance.py", line 465, in _execute_task
    result = _execute_callable(context=context, **execute_callable_kwargs)
             ^^^^^^^^^^^^^^^^^^^^^^^^^^^^^^^^^^^^^^^^^^^^^^^^^^^^^^^^^^^^^
  File "/home/airflow/.local/lib/python3.12/site-packages/airflow/models/taskinstance.py", line 432, in _execute_callable
    return execute_callable(context=context, **execute_callable_kwargs)
           ^^^^^^^^^^^^^^^^^^^^^^^^^^^^^^^^^^^^^^^^^^^^^^^^^^^^^^^^^^^^
  File "/home/airflow/.local/lib/python3.12/site-packages/airflow/models/baseoperator.py", line 400, in wrapper
    return func(self, *args, **kwargs)
           ^^^^^^^^^^^^^^^^^^^^^^^^^^^
  File "/home/airflow/.local/lib/python3.12/site-packages/airflow/operators/bash.py", line 243, in execute
    raise AirflowException(
airflow.exceptions.AirflowException: Bash command failed. The command returned a non-zero exit code 1.
[2024-11-15T05:39:24.383+0000] {taskinstance.py:1206} INFO - Marking task as FAILED. dag_id=YfinanceToSnowflake, task_id=dbt_test, run_id=manual__2024-11-15T05:35:43.886171+00:00, execution_date=20241115T053543, start_date=20241115T053826, end_date=20241115T053924
[2024-11-15T05:39:24.502+0000] {standard_task_runner.py:110} ERROR - Failed to execute job 374 for task dbt_test (Bash command failed. The command returned a non-zero exit code 1.; 19916)
[2024-11-15T05:39:24.588+0000] {local_task_job_runner.py:240} INFO - Task exited with return code 1
[2024-11-15T05:39:24.748+0000] {taskinstance.py:3498} INFO - 0 downstream tasks scheduled from follow-on schedule check
[2024-11-15T05:39:24.790+0000] {local_task_job_runner.py:222} INFO - ::endgroup::
