[2024-11-15T05:46:42.167+0000] {local_task_job_runner.py:120} INFO - ::group::Pre task execution logs
[2024-11-15T05:46:42.294+0000] {taskinstance.py:2076} INFO - Dependencies all met for dep_context=non-requeueable deps ti=<TaskInstance: YfinanceToSnowflake.dbt_test manual__2024-11-15T05:42:01.376136+00:00 [queued]>
[2024-11-15T05:46:42.352+0000] {taskinstance.py:2076} INFO - Dependencies all met for dep_context=requeueable deps ti=<TaskInstance: YfinanceToSnowflake.dbt_test manual__2024-11-15T05:42:01.376136+00:00 [queued]>
[2024-11-15T05:46:42.375+0000] {taskinstance.py:2306} INFO - Starting attempt 1 of 1
[2024-11-15T05:46:42.600+0000] {taskinstance.py:2330} INFO - Executing <Task(BashOperator): dbt_test> on 2024-11-15 05:42:01.376136+00:00
[2024-11-15T05:46:42.702+0000] {logging_mixin.py:188} WARNING - /home/***/.local/lib/python3.12/site-packages/***/task/task_runner/standard_task_runner.py:61 DeprecationWarning: This process (pid=20274) is multi-threaded, use of fork() may lead to deadlocks in the child.
[2024-11-15T05:46:42.718+0000] {standard_task_runner.py:63} INFO - Started process 20298 to run task
[2024-11-15T05:46:42.692+0000] {standard_task_runner.py:90} INFO - Running: ['***', 'tasks', 'run', 'YfinanceToSnowflake', 'dbt_test', 'manual__2024-11-15T05:42:01.376136+00:00', '--job-id', '379', '--raw', '--subdir', 'DAGS_FOLDER/yfinance_to_snowflake.py', '--cfg-path', '/tmp/tmp5gegl_b2']
[2024-11-15T05:46:42.720+0000] {standard_task_runner.py:91} INFO - Job 379: Subtask dbt_test
[2024-11-15T05:46:43.080+0000] {task_command.py:426} INFO - Running <TaskInstance: YfinanceToSnowflake.dbt_test manual__2024-11-15T05:42:01.376136+00:00 [running]> on host 5bbe89177473
[2024-11-15T05:46:43.439+0000] {taskinstance.py:2648} INFO - Exporting env vars: AIRFLOW_CTX_DAG_OWNER='***' AIRFLOW_CTX_DAG_ID='YfinanceToSnowflake' AIRFLOW_CTX_TASK_ID='dbt_test' AIRFLOW_CTX_EXECUTION_DATE='2024-11-15T05:42:01.376136+00:00' AIRFLOW_CTX_TRY_NUMBER='1' AIRFLOW_CTX_DAG_RUN_ID='manual__2024-11-15T05:42:01.376136+00:00'
[2024-11-15T05:46:43.453+0000] {taskinstance.py:430} INFO - ::endgroup::
[2024-11-15T05:46:43.456+0000] {subprocess.py:63} INFO - Tmp dir root location: /tmp
[2024-11-15T05:46:43.457+0000] {subprocess.py:75} INFO - Running command: ['/usr/bin/bash', '-c', 'cd /opt/***/stocks_mau && dbt test --profiles-dir /opt/***/stocks_mau']
[2024-11-15T05:46:43.500+0000] {subprocess.py:86} INFO - Output:
[2024-11-15T05:47:00.649+0000] {subprocess.py:93} INFO - [0m05:47:00  Running with dbt=1.8.7
[2024-11-15T05:47:11.350+0000] {subprocess.py:93} INFO - [0m05:47:11  Registered adapter: snowflake=1.8.4
[2024-11-15T05:47:15.812+0000] {subprocess.py:93} INFO - [0m05:47:15  Found 2 snapshots, 2 models, 6 data tests, 1 source, 459 macros
[2024-11-15T05:47:15.829+0000] {subprocess.py:93} INFO - [0m05:47:15
[2024-11-15T05:47:17.136+0000] {subprocess.py:93} INFO - [0m05:47:17  Concurrency: 1 threads (target='dev')
[2024-11-15T05:47:17.141+0000] {subprocess.py:93} INFO - [0m05:47:17
[2024-11-15T05:47:17.183+0000] {subprocess.py:93} INFO - [0m05:47:17  1 of 6 START test dbt_utils_unique_combination_of_columns_moving_average_date__symbol  [RUN]
[2024-11-15T05:47:17.305+0000] {subprocess.py:93} INFO - [0m05:47:17  1 of 6 ERROR dbt_utils_unique_combination_of_columns_moving_average_date__symbol  [[31mERROR[0m in 0.11s]
[2024-11-15T05:47:17.326+0000] {subprocess.py:93} INFO - [0m05:47:17  2 of 6 START test dbt_utils_unique_combination_of_columns_rsi_date__symbol ..... [RUN]
[2024-11-15T05:47:17.388+0000] {subprocess.py:93} INFO - [0m05:47:17  2 of 6 ERROR dbt_utils_unique_combination_of_columns_rsi_date__symbol .......... [[31mERROR[0m in 0.05s]
[2024-11-15T05:47:17.424+0000] {subprocess.py:93} INFO - [0m05:47:17  3 of 6 START test not_null_moving_average_date ................................. [RUN]
[2024-11-15T05:47:19.789+0000] {subprocess.py:93} INFO - [0m05:47:19  3 of 6 PASS not_null_moving_average_date ....................................... [[32mPASS[0m in 2.36s]
[2024-11-15T05:47:19.818+0000] {subprocess.py:93} INFO - [0m05:47:19  4 of 6 START test not_null_moving_average_symbol ............................... [RUN]
[2024-11-15T05:47:20.647+0000] {subprocess.py:93} INFO - [0m05:47:20  4 of 6 PASS not_null_moving_average_symbol ..................................... [[32mPASS[0m in 0.82s]
[2024-11-15T05:47:20.672+0000] {subprocess.py:93} INFO - [0m05:47:20  5 of 6 START test not_null_rsi_date ............................................ [RUN]
[2024-11-15T05:47:21.598+0000] {subprocess.py:93} INFO - [0m05:47:21  5 of 6 PASS not_null_rsi_date .................................................. [[32mPASS[0m in 0.92s]
[2024-11-15T05:47:21.623+0000] {subprocess.py:93} INFO - [0m05:47:21  6 of 6 START test not_null_rsi_symbol .......................................... [RUN]
[2024-11-15T05:47:22.698+0000] {subprocess.py:93} INFO - [0m05:47:22  6 of 6 PASS not_null_rsi_symbol ................................................ [[32mPASS[0m in 1.07s]
[2024-11-15T05:47:22.730+0000] {subprocess.py:93} INFO - [0m05:47:22
[2024-11-15T05:47:22.733+0000] {subprocess.py:93} INFO - [0m05:47:22  Finished running 6 data tests in 0 hours 0 minutes and 6.90 seconds (6.90s).
[2024-11-15T05:47:22.987+0000] {subprocess.py:93} INFO - [0m05:47:22
[2024-11-15T05:47:22.991+0000] {subprocess.py:93} INFO - [0m05:47:22  [31mCompleted with 2 errors and 0 warnings:[0m
[2024-11-15T05:47:22.992+0000] {subprocess.py:93} INFO - [0m05:47:22
[2024-11-15T05:47:22.997+0000] {subprocess.py:93} INFO - [0m05:47:22    Compilation Error in test dbt_utils_unique_combination_of_columns_moving_average_date__symbol (models/input/schema.yml)
[2024-11-15T05:47:23.010+0000] {subprocess.py:93} INFO -   'dbt_utils' is undefined. This can happen when calling a macro that does not exist. Check for typos and/or install package dependencies with "dbt deps".
[2024-11-15T05:47:23.018+0000] {subprocess.py:93} INFO - [0m05:47:23
[2024-11-15T05:47:23.022+0000] {subprocess.py:93} INFO - [0m05:47:23    Compilation Error in test dbt_utils_unique_combination_of_columns_rsi_date__symbol (models/input/schema.yml)
[2024-11-15T05:47:23.023+0000] {subprocess.py:93} INFO -   'dbt_utils' is undefined. This can happen when calling a macro that does not exist. Check for typos and/or install package dependencies with "dbt deps".
[2024-11-15T05:47:23.024+0000] {subprocess.py:93} INFO - [0m05:47:23
[2024-11-15T05:47:23.026+0000] {subprocess.py:93} INFO - [0m05:47:23  Done. PASS=4 WARN=0 ERROR=2 SKIP=0 TOTAL=6
[2024-11-15T05:47:24.582+0000] {subprocess.py:97} INFO - Command exited with return code 1
[2024-11-15T05:47:24.585+0000] {taskinstance.py:441} INFO - ::group::Post task execution logs
[2024-11-15T05:47:24.629+0000] {taskinstance.py:2905} ERROR - Task failed with exception
Traceback (most recent call last):
  File "/home/airflow/.local/lib/python3.12/site-packages/airflow/models/taskinstance.py", line 465, in _execute_task
    result = _execute_callable(context=context, **execute_callable_kwargs)
             ^^^^^^^^^^^^^^^^^^^^^^^^^^^^^^^^^^^^^^^^^^^^^^^^^^^^^^^^^^^^^
  File "/home/airflow/.local/lib/python3.12/site-packages/airflow/models/taskinstance.py", line 432, in _execute_callable
    return execute_callable(context=context, **execute_callable_kwargs)
           ^^^^^^^^^^^^^^^^^^^^^^^^^^^^^^^^^^^^^^^^^^^^^^^^^^^^^^^^^^^^
  File "/home/airflow/.local/lib/python3.12/site-packages/airflow/models/baseoperator.py", line 400, in wrapper
    return func(self, *args, **kwargs)
           ^^^^^^^^^^^^^^^^^^^^^^^^^^^
  File "/home/airflow/.local/lib/python3.12/site-packages/airflow/operators/bash.py", line 243, in execute
    raise AirflowException(
airflow.exceptions.AirflowException: Bash command failed. The command returned a non-zero exit code 1.
[2024-11-15T05:47:24.648+0000] {taskinstance.py:1206} INFO - Marking task as FAILED. dag_id=YfinanceToSnowflake, task_id=dbt_test, run_id=manual__2024-11-15T05:42:01.376136+00:00, execution_date=20241115T054201, start_date=20241115T054642, end_date=20241115T054724
[2024-11-15T05:47:24.683+0000] {standard_task_runner.py:110} ERROR - Failed to execute job 379 for task dbt_test (Bash command failed. The command returned a non-zero exit code 1.; 20298)
[2024-11-15T05:47:24.740+0000] {local_task_job_runner.py:240} INFO - Task exited with return code 1
[2024-11-15T05:47:24.789+0000] {taskinstance.py:3498} INFO - 0 downstream tasks scheduled from follow-on schedule check
[2024-11-15T05:47:24.797+0000] {local_task_job_runner.py:222} INFO - ::endgroup::
