[2024-11-15T05:25:18.489+0000] {local_task_job_runner.py:120} INFO - ::group::Pre task execution logs
[2024-11-15T05:25:18.652+0000] {taskinstance.py:2076} INFO - Dependencies all met for dep_context=non-requeueable deps ti=<TaskInstance: YfinanceToSnowflake.dbt_test manual__2024-11-15T05:21:36.478307+00:00 [queued]>
[2024-11-15T05:25:18.704+0000] {taskinstance.py:2076} INFO - Dependencies all met for dep_context=requeueable deps ti=<TaskInstance: YfinanceToSnowflake.dbt_test manual__2024-11-15T05:21:36.478307+00:00 [queued]>
[2024-11-15T05:25:18.705+0000] {taskinstance.py:2306} INFO - Starting attempt 1 of 1
[2024-11-15T05:25:18.877+0000] {taskinstance.py:2330} INFO - Executing <Task(BashOperator): dbt_test> on 2024-11-15 05:21:36.478307+00:00
[2024-11-15T05:25:18.947+0000] {logging_mixin.py:188} WARNING - /home/***/.local/lib/python3.12/site-packages/***/task/task_runner/standard_task_runner.py:61 DeprecationWarning: This process (pid=19239) is multi-threaded, use of fork() may lead to deadlocks in the child.
[2024-11-15T05:25:18.939+0000] {standard_task_runner.py:90} INFO - Running: ['***', 'tasks', 'run', 'YfinanceToSnowflake', 'dbt_test', 'manual__2024-11-15T05:21:36.478307+00:00', '--job-id', '370', '--raw', '--subdir', 'DAGS_FOLDER/yfinance_to_snowflake.py', '--cfg-path', '/tmp/tmpzt04c_vn']
[2024-11-15T05:25:18.962+0000] {standard_task_runner.py:91} INFO - Job 370: Subtask dbt_test
[2024-11-15T05:25:18.960+0000] {standard_task_runner.py:63} INFO - Started process 19254 to run task
[2024-11-15T05:25:19.638+0000] {task_command.py:426} INFO - Running <TaskInstance: YfinanceToSnowflake.dbt_test manual__2024-11-15T05:21:36.478307+00:00 [running]> on host 5bbe89177473
[2024-11-15T05:25:20.573+0000] {taskinstance.py:2648} INFO - Exporting env vars: AIRFLOW_CTX_DAG_OWNER='***' AIRFLOW_CTX_DAG_ID='YfinanceToSnowflake' AIRFLOW_CTX_TASK_ID='dbt_test' AIRFLOW_CTX_EXECUTION_DATE='2024-11-15T05:21:36.478307+00:00' AIRFLOW_CTX_TRY_NUMBER='1' AIRFLOW_CTX_DAG_RUN_ID='manual__2024-11-15T05:21:36.478307+00:00'
[2024-11-15T05:25:20.588+0000] {taskinstance.py:430} INFO - ::endgroup::
[2024-11-15T05:25:20.591+0000] {subprocess.py:63} INFO - Tmp dir root location: /tmp
[2024-11-15T05:25:20.604+0000] {subprocess.py:75} INFO - Running command: ['/usr/bin/bash', '-c', 'cd /opt/***/stocks_mau && dbt test --profiles-dir /opt/***/stocks_mau']
[2024-11-15T05:25:20.663+0000] {subprocess.py:86} INFO - Output:
[2024-11-15T05:25:35.119+0000] {subprocess.py:93} INFO - [0m05:25:35  Running with dbt=1.8.7
[2024-11-15T05:25:46.975+0000] {subprocess.py:93} INFO - [0m05:25:46  Registered adapter: snowflake=1.8.4
[2024-11-15T05:25:49.457+0000] {subprocess.py:93} INFO - [0m05:25:49  Found 2 snapshots, 2 models, 6 data tests, 1 source, 459 macros
[2024-11-15T05:25:49.467+0000] {subprocess.py:93} INFO - [0m05:25:49
[2024-11-15T05:25:50.384+0000] {subprocess.py:93} INFO - [0m05:25:50  Concurrency: 1 threads (target='dev')
[2024-11-15T05:25:50.400+0000] {subprocess.py:93} INFO - [0m05:25:50
[2024-11-15T05:25:50.469+0000] {subprocess.py:93} INFO - [0m05:25:50  1 of 6 START test dbt_utils_unique_combination_of_columns_moving_average_date__symbol  [RUN]
[2024-11-15T05:25:50.569+0000] {subprocess.py:93} INFO - [0m05:25:50  1 of 6 ERROR dbt_utils_unique_combination_of_columns_moving_average_date__symbol  [[31mERROR[0m in 0.10s]
[2024-11-15T05:25:50.575+0000] {subprocess.py:93} INFO - [0m05:25:50  2 of 6 START test dbt_utils_unique_combination_of_columns_rsi_date__symbol ..... [RUN]
[2024-11-15T05:25:50.597+0000] {subprocess.py:93} INFO - [0m05:25:50  2 of 6 ERROR dbt_utils_unique_combination_of_columns_rsi_date__symbol .......... [[31mERROR[0m in 0.02s]
[2024-11-15T05:25:50.603+0000] {subprocess.py:93} INFO - [0m05:25:50  3 of 6 START test not_null_moving_average_date ................................. [RUN]
[2024-11-15T05:25:52.247+0000] {subprocess.py:93} INFO - [0m05:25:52  3 of 6 PASS not_null_moving_average_date ....................................... [[32mPASS[0m in 1.63s]
[2024-11-15T05:25:52.262+0000] {subprocess.py:93} INFO - [0m05:25:52  4 of 6 START test not_null_moving_average_symbol ............................... [RUN]
[2024-11-15T05:25:54.423+0000] {subprocess.py:93} INFO - [0m05:25:54  4 of 6 PASS not_null_moving_average_symbol ..................................... [[32mPASS[0m in 2.16s]
[2024-11-15T05:25:54.447+0000] {subprocess.py:93} INFO - [0m05:25:54  5 of 6 START test not_null_rsi_date ............................................ [RUN]
[2024-11-15T05:25:55.521+0000] {subprocess.py:93} INFO - [0m05:25:55  5 of 6 PASS not_null_rsi_date .................................................. [[32mPASS[0m in 1.04s]
[2024-11-15T05:25:55.560+0000] {subprocess.py:93} INFO - [0m05:25:55  6 of 6 START test not_null_rsi_symbol .......................................... [RUN]
[2024-11-15T05:25:57.343+0000] {subprocess.py:93} INFO - [0m05:25:57  6 of 6 PASS not_null_rsi_symbol ................................................ [[32mPASS[0m in 1.82s]
[2024-11-15T05:25:57.439+0000] {subprocess.py:93} INFO - [0m05:25:57
[2024-11-15T05:25:57.452+0000] {subprocess.py:93} INFO - [0m05:25:57  Finished running 6 data tests in 0 hours 0 minutes and 7.97 seconds (7.97s).
[2024-11-15T05:25:58.274+0000] {subprocess.py:93} INFO - [0m05:25:58
[2024-11-15T05:25:58.447+0000] {subprocess.py:93} INFO - [0m05:25:58  [31mCompleted with 2 errors and 0 warnings:[0m
[2024-11-15T05:25:58.468+0000] {subprocess.py:93} INFO - [0m05:25:58
[2024-11-15T05:25:58.470+0000] {subprocess.py:93} INFO - [0m05:25:58    Compilation Error in test dbt_utils_unique_combination_of_columns_moving_average_date__symbol (models/input/schema.yml)
[2024-11-15T05:25:58.481+0000] {subprocess.py:93} INFO -   'dbt_utils' is undefined. This can happen when calling a macro that does not exist. Check for typos and/or install package dependencies with "dbt deps".
[2024-11-15T05:25:58.496+0000] {subprocess.py:93} INFO - [0m05:25:58
[2024-11-15T05:25:58.512+0000] {subprocess.py:93} INFO - [0m05:25:58    Compilation Error in test dbt_utils_unique_combination_of_columns_rsi_date__symbol (models/input/schema.yml)
[2024-11-15T05:25:58.514+0000] {subprocess.py:93} INFO -   'dbt_utils' is undefined. This can happen when calling a macro that does not exist. Check for typos and/or install package dependencies with "dbt deps".
[2024-11-15T05:25:58.537+0000] {subprocess.py:93} INFO - [0m05:25:58
[2024-11-15T05:25:58.551+0000] {subprocess.py:93} INFO - [0m05:25:58  Done. PASS=4 WARN=0 ERROR=2 SKIP=0 TOTAL=6
[2024-11-15T05:26:02.679+0000] {subprocess.py:97} INFO - Command exited with return code 1
[2024-11-15T05:26:02.686+0000] {taskinstance.py:441} INFO - ::group::Post task execution logs
[2024-11-15T05:26:02.805+0000] {taskinstance.py:2905} ERROR - Task failed with exception
Traceback (most recent call last):
  File "/home/airflow/.local/lib/python3.12/site-packages/airflow/models/taskinstance.py", line 465, in _execute_task
    result = _execute_callable(context=context, **execute_callable_kwargs)
             ^^^^^^^^^^^^^^^^^^^^^^^^^^^^^^^^^^^^^^^^^^^^^^^^^^^^^^^^^^^^^
  File "/home/airflow/.local/lib/python3.12/site-packages/airflow/models/taskinstance.py", line 432, in _execute_callable
    return execute_callable(context=context, **execute_callable_kwargs)
           ^^^^^^^^^^^^^^^^^^^^^^^^^^^^^^^^^^^^^^^^^^^^^^^^^^^^^^^^^^^^
  File "/home/airflow/.local/lib/python3.12/site-packages/airflow/models/baseoperator.py", line 400, in wrapper
    return func(self, *args, **kwargs)
           ^^^^^^^^^^^^^^^^^^^^^^^^^^^
  File "/home/airflow/.local/lib/python3.12/site-packages/airflow/operators/bash.py", line 243, in execute
    raise AirflowException(
airflow.exceptions.AirflowException: Bash command failed. The command returned a non-zero exit code 1.
[2024-11-15T05:26:02.855+0000] {taskinstance.py:1206} INFO - Marking task as FAILED. dag_id=YfinanceToSnowflake, task_id=dbt_test, run_id=manual__2024-11-15T05:21:36.478307+00:00, execution_date=20241115T052136, start_date=20241115T052518, end_date=20241115T052602
[2024-11-15T05:26:03.124+0000] {standard_task_runner.py:110} ERROR - Failed to execute job 370 for task dbt_test (Bash command failed. The command returned a non-zero exit code 1.; 19254)
[2024-11-15T05:26:03.294+0000] {local_task_job_runner.py:240} INFO - Task exited with return code 1
[2024-11-15T05:26:03.612+0000] {taskinstance.py:3498} INFO - 0 downstream tasks scheduled from follow-on schedule check
[2024-11-15T05:26:03.676+0000] {local_task_job_runner.py:222} INFO - ::endgroup::
