[2024-11-15T00:17:00.775+0000] {local_task_job_runner.py:120} INFO - ::group::Pre task execution logs
[2024-11-15T00:17:00.886+0000] {taskinstance.py:2076} INFO - Dependencies all met for dep_context=non-requeueable deps ti=<TaskInstance: YfinanceToSnowflake.dbt_test manual__2024-11-15T00:15:18.692801+00:00 [queued]>
[2024-11-15T00:17:00.923+0000] {taskinstance.py:2076} INFO - Dependencies all met for dep_context=requeueable deps ti=<TaskInstance: YfinanceToSnowflake.dbt_test manual__2024-11-15T00:15:18.692801+00:00 [queued]>
[2024-11-15T00:17:00.925+0000] {taskinstance.py:2306} INFO - Starting attempt 1 of 1
[2024-11-15T00:17:01.018+0000] {taskinstance.py:2330} INFO - Executing <Task(BashOperator): dbt_test> on 2024-11-15 00:15:18.692801+00:00
[2024-11-15T00:17:01.064+0000] {logging_mixin.py:188} WARNING - /home/***/.local/lib/python3.12/site-packages/***/task/task_runner/standard_task_runner.py:61 DeprecationWarning: This process (pid=5272) is multi-threaded, use of fork() may lead to deadlocks in the child.
[2024-11-15T00:17:01.063+0000] {standard_task_runner.py:90} INFO - Running: ['***', 'tasks', 'run', 'YfinanceToSnowflake', 'dbt_test', 'manual__2024-11-15T00:15:18.692801+00:00', '--job-id', '304', '--raw', '--subdir', 'DAGS_FOLDER/Conn_Forcasting_DagFile.py', '--cfg-path', '/tmp/tmpx1zhywfw']
[2024-11-15T00:17:01.072+0000] {standard_task_runner.py:91} INFO - Job 304: Subtask dbt_test
[2024-11-15T00:17:01.070+0000] {standard_task_runner.py:63} INFO - Started process 5286 to run task
[2024-11-15T00:17:02.807+0000] {task_command.py:426} INFO - Running <TaskInstance: YfinanceToSnowflake.dbt_test manual__2024-11-15T00:15:18.692801+00:00 [running]> on host 5bbe89177473
[2024-11-15T00:17:04.375+0000] {taskinstance.py:2648} INFO - Exporting env vars: AIRFLOW_CTX_DAG_OWNER='***' AIRFLOW_CTX_DAG_ID='YfinanceToSnowflake' AIRFLOW_CTX_TASK_ID='dbt_test' AIRFLOW_CTX_EXECUTION_DATE='2024-11-15T00:15:18.692801+00:00' AIRFLOW_CTX_TRY_NUMBER='1' AIRFLOW_CTX_DAG_RUN_ID='manual__2024-11-15T00:15:18.692801+00:00'
[2024-11-15T00:17:04.419+0000] {taskinstance.py:430} INFO - ::endgroup::
[2024-11-15T00:17:04.485+0000] {subprocess.py:63} INFO - Tmp dir root location: /tmp
[2024-11-15T00:17:04.497+0000] {subprocess.py:75} INFO - Running command: ['/usr/bin/bash', '-c', 'cd /opt/***/stocks_mau && dbt test --profiles-dir /opt/***/stocks_mau']
[2024-11-15T00:17:04.641+0000] {subprocess.py:86} INFO - Output:
[2024-11-15T00:17:22.669+0000] {subprocess.py:93} INFO - [0m00:17:22  Running with dbt=1.8.7
[2024-11-15T00:17:28.009+0000] {subprocess.py:93} INFO - [0m00:17:28  Registered adapter: snowflake=1.8.4
[2024-11-15T00:17:31.568+0000] {subprocess.py:93} INFO - [0m00:17:31  Found 4 models, 8 data tests, 2 snapshots, 1 source, 459 macros
[2024-11-15T00:17:31.590+0000] {subprocess.py:93} INFO - [0m00:17:31
[2024-11-15T00:17:32.967+0000] {subprocess.py:93} INFO - [0m00:17:32  Concurrency: 1 threads (target='dev')
[2024-11-15T00:17:32.969+0000] {subprocess.py:93} INFO - [0m00:17:32
[2024-11-15T00:17:33.006+0000] {subprocess.py:93} INFO - [0m00:17:33  1 of 8 START test not_null_moving_average_date ................................. [RUN]
[2024-11-15T00:17:34.500+0000] {subprocess.py:93} INFO - [0m00:17:34  1 of 8 PASS not_null_moving_average_date ....................................... [[32mPASS[0m in 1.49s]
[2024-11-15T00:17:34.546+0000] {subprocess.py:93} INFO - [0m00:17:34  2 of 8 START test not_null_moving_average_symbol ............................... [RUN]
[2024-11-15T00:17:36.541+0000] {subprocess.py:93} INFO - [0m00:17:36  2 of 8 PASS not_null_moving_average_symbol ..................................... [[32mPASS[0m in 1.98s]
[2024-11-15T00:17:36.576+0000] {subprocess.py:93} INFO - [0m00:17:36  3 of 8 START test not_null_my_first_dbt_model_id ............................... [RUN]
[2024-11-15T00:17:37.693+0000] {subprocess.py:93} INFO - [0m00:17:37  3 of 8 FAIL 1 not_null_my_first_dbt_model_id ................................... [[31mFAIL 1[0m in 1.10s]
[2024-11-15T00:17:37.727+0000] {subprocess.py:93} INFO - [0m00:17:37  4 of 8 START test not_null_my_second_dbt_model_id .............................. [RUN]
[2024-11-15T00:17:38.596+0000] {subprocess.py:93} INFO - [0m00:17:38  4 of 8 PASS not_null_my_second_dbt_model_id .................................... [[32mPASS[0m in 0.85s]
[2024-11-15T00:17:38.610+0000] {subprocess.py:93} INFO - [0m00:17:38  5 of 8 START test not_null_rsi_date ............................................ [RUN]
[2024-11-15T00:17:40.092+0000] {subprocess.py:93} INFO - [0m00:17:40  5 of 8 PASS not_null_rsi_date .................................................. [[32mPASS[0m in 1.47s]
[2024-11-15T00:17:40.097+0000] {subprocess.py:93} INFO - [0m00:17:40  6 of 8 START test not_null_rsi_symbol .......................................... [RUN]
[2024-11-15T00:17:41.190+0000] {subprocess.py:93} INFO - [0m00:17:41  6 of 8 PASS not_null_rsi_symbol ................................................ [[32mPASS[0m in 1.08s]
[2024-11-15T00:17:41.213+0000] {subprocess.py:93} INFO - [0m00:17:41  7 of 8 START test unique_my_first_dbt_model_id ................................. [RUN]
[2024-11-15T00:17:42.110+0000] {subprocess.py:93} INFO - [0m00:17:42  7 of 8 PASS unique_my_first_dbt_model_id ....................................... [[32mPASS[0m in 0.89s]
[2024-11-15T00:17:42.125+0000] {subprocess.py:93} INFO - [0m00:17:42  8 of 8 START test unique_my_second_dbt_model_id ................................ [RUN]
[2024-11-15T00:17:43.395+0000] {subprocess.py:93} INFO - [0m00:17:43  8 of 8 PASS unique_my_second_dbt_model_id ...................................... [[32mPASS[0m in 1.25s]
[2024-11-15T00:17:43.488+0000] {subprocess.py:93} INFO - [0m00:17:43
[2024-11-15T00:17:43.507+0000] {subprocess.py:93} INFO - [0m00:17:43  Finished running 8 data tests in 0 hours 0 minutes and 11.89 seconds (11.89s).
[2024-11-15T00:17:45.011+0000] {subprocess.py:93} INFO - [0m00:17:45
[2024-11-15T00:17:45.020+0000] {subprocess.py:93} INFO - [0m00:17:45  [31mCompleted with 1 error and 0 warnings:[0m
[2024-11-15T00:17:45.042+0000] {subprocess.py:93} INFO - [0m00:17:45
[2024-11-15T00:17:45.073+0000] {subprocess.py:93} INFO - [0m00:17:45  [31mFailure in test not_null_my_first_dbt_model_id (models/example/schema.yml)[0m
[2024-11-15T00:17:45.124+0000] {subprocess.py:93} INFO - [0m00:17:45    Got 1 result, configured to fail if != 0
[2024-11-15T00:17:45.149+0000] {subprocess.py:93} INFO - [0m00:17:45
[2024-11-15T00:17:45.175+0000] {subprocess.py:93} INFO - [0m00:17:45    compiled code at target/compiled/stocks_mau/models/example/schema.yml/not_null_my_first_dbt_model_id.sql
[2024-11-15T00:17:45.179+0000] {subprocess.py:93} INFO - [0m00:17:45
[2024-11-15T00:17:45.184+0000] {subprocess.py:93} INFO - [0m00:17:45  Done. PASS=7 WARN=0 ERROR=1 SKIP=0 TOTAL=8
[2024-11-15T00:17:51.796+0000] {subprocess.py:97} INFO - Command exited with return code 1
[2024-11-15T00:17:51.842+0000] {taskinstance.py:441} INFO - ::group::Post task execution logs
[2024-11-15T00:17:52.020+0000] {taskinstance.py:2905} ERROR - Task failed with exception
Traceback (most recent call last):
  File "/home/airflow/.local/lib/python3.12/site-packages/airflow/models/taskinstance.py", line 465, in _execute_task
    result = _execute_callable(context=context, **execute_callable_kwargs)
             ^^^^^^^^^^^^^^^^^^^^^^^^^^^^^^^^^^^^^^^^^^^^^^^^^^^^^^^^^^^^^
  File "/home/airflow/.local/lib/python3.12/site-packages/airflow/models/taskinstance.py", line 432, in _execute_callable
    return execute_callable(context=context, **execute_callable_kwargs)
           ^^^^^^^^^^^^^^^^^^^^^^^^^^^^^^^^^^^^^^^^^^^^^^^^^^^^^^^^^^^^
  File "/home/airflow/.local/lib/python3.12/site-packages/airflow/models/baseoperator.py", line 400, in wrapper
    return func(self, *args, **kwargs)
           ^^^^^^^^^^^^^^^^^^^^^^^^^^^
  File "/home/airflow/.local/lib/python3.12/site-packages/airflow/operators/bash.py", line 243, in execute
    raise AirflowException(
airflow.exceptions.AirflowException: Bash command failed. The command returned a non-zero exit code 1.
[2024-11-15T00:17:52.061+0000] {taskinstance.py:1206} INFO - Marking task as FAILED. dag_id=YfinanceToSnowflake, task_id=dbt_test, run_id=manual__2024-11-15T00:15:18.692801+00:00, execution_date=20241115T001518, start_date=20241115T001700, end_date=20241115T001752
[2024-11-15T00:17:52.149+0000] {standard_task_runner.py:110} ERROR - Failed to execute job 304 for task dbt_test (Bash command failed. The command returned a non-zero exit code 1.; 5286)
[2024-11-15T00:17:52.305+0000] {local_task_job_runner.py:240} INFO - Task exited with return code 1
[2024-11-15T00:17:52.460+0000] {taskinstance.py:3498} INFO - 0 downstream tasks scheduled from follow-on schedule check
[2024-11-15T00:17:52.472+0000] {local_task_job_runner.py:222} INFO - ::endgroup::
