[2024-11-15T06:08:56.237+0000] {local_task_job_runner.py:120} INFO - ::group::Pre task execution logs
[2024-11-15T06:08:56.332+0000] {taskinstance.py:2076} INFO - Dependencies all met for dep_context=non-requeueable deps ti=<TaskInstance: YfinanceToSnowflake.dbt_test manual__2024-11-15T05:56:05.666841+00:00 [queued]>
[2024-11-15T06:08:56.361+0000] {taskinstance.py:2076} INFO - Dependencies all met for dep_context=requeueable deps ti=<TaskInstance: YfinanceToSnowflake.dbt_test manual__2024-11-15T05:56:05.666841+00:00 [queued]>
[2024-11-15T06:08:56.362+0000] {taskinstance.py:2306} INFO - Starting attempt 5 of 5
[2024-11-15T06:08:56.403+0000] {taskinstance.py:2330} INFO - Executing <Task(BashOperator): dbt_test> on 2024-11-15 05:56:05.666841+00:00
[2024-11-15T06:08:56.436+0000] {standard_task_runner.py:90} INFO - Running: ['***', 'tasks', 'run', 'YfinanceToSnowflake', 'dbt_test', 'manual__2024-11-15T05:56:05.666841+00:00', '--job-id', '391', '--raw', '--subdir', 'DAGS_FOLDER/yfinance_to_snowflake.py', '--cfg-path', '/tmp/tmpu59nlcrg']
[2024-11-15T06:08:56.444+0000] {standard_task_runner.py:91} INFO - Job 391: Subtask dbt_test
[2024-11-15T06:08:56.452+0000] {logging_mixin.py:188} WARNING - /home/***/.local/lib/python3.12/site-packages/***/task/task_runner/standard_task_runner.py:61 DeprecationWarning: This process (pid=21455) is multi-threaded, use of fork() may lead to deadlocks in the child.
[2024-11-15T06:08:56.455+0000] {standard_task_runner.py:63} INFO - Started process 21458 to run task
[2024-11-15T06:08:56.559+0000] {task_command.py:426} INFO - Running <TaskInstance: YfinanceToSnowflake.dbt_test manual__2024-11-15T05:56:05.666841+00:00 [running]> on host 5bbe89177473
[2024-11-15T06:08:56.747+0000] {taskinstance.py:2648} INFO - Exporting env vars: AIRFLOW_CTX_DAG_OWNER='***' AIRFLOW_CTX_DAG_ID='YfinanceToSnowflake' AIRFLOW_CTX_TASK_ID='dbt_test' AIRFLOW_CTX_EXECUTION_DATE='2024-11-15T05:56:05.666841+00:00' AIRFLOW_CTX_TRY_NUMBER='5' AIRFLOW_CTX_DAG_RUN_ID='manual__2024-11-15T05:56:05.666841+00:00'
[2024-11-15T06:08:56.754+0000] {taskinstance.py:430} INFO - ::endgroup::
[2024-11-15T06:08:56.757+0000] {subprocess.py:63} INFO - Tmp dir root location: /tmp
[2024-11-15T06:08:56.759+0000] {subprocess.py:75} INFO - Running command: ['/usr/bin/bash', '-c', 'cd /opt/***/stocks_mau && dbt test --profiles-dir /opt/***/stocks_mau']
[2024-11-15T06:08:56.778+0000] {subprocess.py:86} INFO - Output:
[2024-11-15T06:09:12.873+0000] {subprocess.py:93} INFO - [0m06:09:12  Running with dbt=1.8.7
[2024-11-15T06:09:17.900+0000] {subprocess.py:93} INFO - [0m06:09:17  Registered adapter: snowflake=1.8.4
[2024-11-15T06:09:21.299+0000] {subprocess.py:93} INFO - [0m06:09:21  [[33mWARNING[0m]: Deprecated functionality
[2024-11-15T06:09:21.300+0000] {subprocess.py:93} INFO - The `tests` config has been renamed to `data_tests`. Please see
[2024-11-15T06:09:21.301+0000] {subprocess.py:93} INFO - https://docs.getdbt.com/docs/build/data-tests#new-data_tests-syntax for more
[2024-11-15T06:09:21.302+0000] {subprocess.py:93} INFO - information.
[2024-11-15T06:09:23.089+0000] {subprocess.py:93} INFO - [0m06:09:23  Found 2 snapshots, 2 models, 6 data tests, 1 source, 459 macros
[2024-11-15T06:09:23.105+0000] {subprocess.py:93} INFO - [0m06:09:23
[2024-11-15T06:09:24.186+0000] {subprocess.py:93} INFO - [0m06:09:24  Concurrency: 1 threads (target='dev')
[2024-11-15T06:09:24.206+0000] {subprocess.py:93} INFO - [0m06:09:24
[2024-11-15T06:09:24.236+0000] {subprocess.py:93} INFO - [0m06:09:24  1 of 6 START test not_null_moving_average_date ................................. [RUN]
[2024-11-15T06:09:25.420+0000] {subprocess.py:93} INFO - [0m06:09:25  1 of 6 PASS not_null_moving_average_date ....................................... [[32mPASS[0m in 1.17s]
[2024-11-15T06:09:25.425+0000] {subprocess.py:93} INFO - [0m06:09:25  2 of 6 START test not_null_moving_average_symbol ............................... [RUN]
[2024-11-15T06:09:26.248+0000] {subprocess.py:93} INFO - [0m06:09:26  2 of 6 PASS not_null_moving_average_symbol ..................................... [[32mPASS[0m in 0.81s]
[2024-11-15T06:09:26.257+0000] {subprocess.py:93} INFO - [0m06:09:26  3 of 6 START test not_null_rsi_date ............................................ [RUN]
[2024-11-15T06:09:27.021+0000] {subprocess.py:93} INFO - [0m06:09:27  3 of 6 PASS not_null_rsi_date .................................................. [[32mPASS[0m in 0.76s]
[2024-11-15T06:09:27.030+0000] {subprocess.py:93} INFO - [0m06:09:27  4 of 6 START test not_null_rsi_symbol .......................................... [RUN]
[2024-11-15T06:09:27.861+0000] {subprocess.py:93} INFO - [0m06:09:27  4 of 6 PASS not_null_rsi_symbol ................................................ [[32mPASS[0m in 0.83s]
[2024-11-15T06:09:27.868+0000] {subprocess.py:93} INFO - [0m06:09:27  5 of 6 START test unique_moving_average_date__symbol ........................... [RUN]
[2024-11-15T06:09:27.908+0000] {subprocess.py:93} INFO - [0m06:09:27  5 of 6 ERROR unique_moving_average_date__symbol ................................ [[31mERROR[0m in 0.04s]
[2024-11-15T06:09:27.915+0000] {subprocess.py:93} INFO - [0m06:09:27  6 of 6 START test unique_rsi_date__symbol ...................................... [RUN]
[2024-11-15T06:09:27.941+0000] {subprocess.py:93} INFO - [0m06:09:27  6 of 6 ERROR unique_rsi_date__symbol ........................................... [[31mERROR[0m in 0.02s]
[2024-11-15T06:09:27.953+0000] {subprocess.py:93} INFO - [0m06:09:27
[2024-11-15T06:09:27.956+0000] {subprocess.py:93} INFO - [0m06:09:27  Finished running 6 data tests in 0 hours 0 minutes and 4.85 seconds (4.85s).
[2024-11-15T06:09:28.158+0000] {subprocess.py:93} INFO - [0m06:09:28
[2024-11-15T06:09:28.160+0000] {subprocess.py:93} INFO - [0m06:09:28  [31mCompleted with 2 errors and 0 warnings:[0m
[2024-11-15T06:09:28.162+0000] {subprocess.py:93} INFO - [0m06:09:28
[2024-11-15T06:09:28.165+0000] {subprocess.py:93} INFO - [0m06:09:28    Compilation Error in test unique_moving_average_date__symbol (models/input/schema.yml)
[2024-11-15T06:09:28.172+0000] {subprocess.py:93} INFO -   macro 'dbt_macro__test_unique' takes no keyword argument 'combination_of_columns'
[2024-11-15T06:09:28.173+0000] {subprocess.py:93} INFO - [0m06:09:28
[2024-11-15T06:09:28.177+0000] {subprocess.py:93} INFO - [0m06:09:28    Compilation Error in test unique_rsi_date__symbol (models/input/schema.yml)
[2024-11-15T06:09:28.177+0000] {subprocess.py:93} INFO -   macro 'dbt_macro__test_unique' takes no keyword argument 'combination_of_columns'
[2024-11-15T06:09:28.178+0000] {subprocess.py:93} INFO - [0m06:09:28
[2024-11-15T06:09:28.180+0000] {subprocess.py:93} INFO - [0m06:09:28  Done. PASS=4 WARN=0 ERROR=2 SKIP=0 TOTAL=6
[2024-11-15T06:09:30.262+0000] {subprocess.py:97} INFO - Command exited with return code 1
[2024-11-15T06:09:30.263+0000] {taskinstance.py:441} INFO - ::group::Post task execution logs
[2024-11-15T06:09:30.283+0000] {taskinstance.py:2905} ERROR - Task failed with exception
Traceback (most recent call last):
  File "/home/airflow/.local/lib/python3.12/site-packages/airflow/models/taskinstance.py", line 465, in _execute_task
    result = _execute_callable(context=context, **execute_callable_kwargs)
             ^^^^^^^^^^^^^^^^^^^^^^^^^^^^^^^^^^^^^^^^^^^^^^^^^^^^^^^^^^^^^
  File "/home/airflow/.local/lib/python3.12/site-packages/airflow/models/taskinstance.py", line 432, in _execute_callable
    return execute_callable(context=context, **execute_callable_kwargs)
           ^^^^^^^^^^^^^^^^^^^^^^^^^^^^^^^^^^^^^^^^^^^^^^^^^^^^^^^^^^^^
  File "/home/airflow/.local/lib/python3.12/site-packages/airflow/models/baseoperator.py", line 400, in wrapper
    return func(self, *args, **kwargs)
           ^^^^^^^^^^^^^^^^^^^^^^^^^^^
  File "/home/airflow/.local/lib/python3.12/site-packages/airflow/operators/bash.py", line 243, in execute
    raise AirflowException(
airflow.exceptions.AirflowException: Bash command failed. The command returned a non-zero exit code 1.
[2024-11-15T06:09:30.296+0000] {taskinstance.py:1206} INFO - Marking task as FAILED. dag_id=YfinanceToSnowflake, task_id=dbt_test, run_id=manual__2024-11-15T05:56:05.666841+00:00, execution_date=20241115T055605, start_date=20241115T060856, end_date=20241115T060930
[2024-11-15T06:09:30.331+0000] {standard_task_runner.py:110} ERROR - Failed to execute job 391 for task dbt_test (Bash command failed. The command returned a non-zero exit code 1.; 21458)
[2024-11-15T06:09:30.392+0000] {local_task_job_runner.py:240} INFO - Task exited with return code 1
[2024-11-15T06:09:30.494+0000] {taskinstance.py:3498} INFO - 0 downstream tasks scheduled from follow-on schedule check
[2024-11-15T06:09:30.509+0000] {local_task_job_runner.py:222} INFO - ::endgroup::
