[2024-11-15T00:11:24.560+0000] {local_task_job_runner.py:120} INFO - ::group::Pre task execution logs
[2024-11-15T00:11:24.602+0000] {taskinstance.py:2076} INFO - Dependencies all met for dep_context=non-requeueable deps ti=<TaskInstance: YfinanceToSnowflake.dbt_test manual__2024-11-15T00:09:53.165924+00:00 [queued]>
[2024-11-15T00:11:24.618+0000] {taskinstance.py:2076} INFO - Dependencies all met for dep_context=requeueable deps ti=<TaskInstance: YfinanceToSnowflake.dbt_test manual__2024-11-15T00:09:53.165924+00:00 [queued]>
[2024-11-15T00:11:24.619+0000] {taskinstance.py:2306} INFO - Starting attempt 1 of 1
[2024-11-15T00:11:24.678+0000] {taskinstance.py:2330} INFO - Executing <Task(BashOperator): dbt_test> on 2024-11-15 00:09:53.165924+00:00
[2024-11-15T00:11:24.708+0000] {logging_mixin.py:188} WARNING - /home/***/.local/lib/python3.12/site-packages/***/task/task_runner/standard_task_runner.py:61 DeprecationWarning: This process (pid=4970) is multi-threaded, use of fork() may lead to deadlocks in the child.
[2024-11-15T00:11:24.710+0000] {standard_task_runner.py:63} INFO - Started process 4989 to run task
[2024-11-15T00:11:24.709+0000] {standard_task_runner.py:90} INFO - Running: ['***', 'tasks', 'run', 'YfinanceToSnowflake', 'dbt_test', 'manual__2024-11-15T00:09:53.165924+00:00', '--job-id', '299', '--raw', '--subdir', 'DAGS_FOLDER/Conn_Forcasting_DagFile.py', '--cfg-path', '/tmp/tmpp9q4cb2g']
[2024-11-15T00:11:24.714+0000] {standard_task_runner.py:91} INFO - Job 299: Subtask dbt_test
[2024-11-15T00:11:25.120+0000] {task_command.py:426} INFO - Running <TaskInstance: YfinanceToSnowflake.dbt_test manual__2024-11-15T00:09:53.165924+00:00 [running]> on host 5bbe89177473
[2024-11-15T00:11:25.576+0000] {taskinstance.py:2648} INFO - Exporting env vars: AIRFLOW_CTX_DAG_OWNER='***' AIRFLOW_CTX_DAG_ID='YfinanceToSnowflake' AIRFLOW_CTX_TASK_ID='dbt_test' AIRFLOW_CTX_EXECUTION_DATE='2024-11-15T00:09:53.165924+00:00' AIRFLOW_CTX_TRY_NUMBER='1' AIRFLOW_CTX_DAG_RUN_ID='manual__2024-11-15T00:09:53.165924+00:00'
[2024-11-15T00:11:25.610+0000] {taskinstance.py:430} INFO - ::endgroup::
[2024-11-15T00:11:25.679+0000] {subprocess.py:63} INFO - Tmp dir root location: /tmp
[2024-11-15T00:11:25.703+0000] {subprocess.py:75} INFO - Running command: ['/usr/bin/bash', '-c', 'cd /opt/***/stocks_mau && dbt test --profiles-dir /opt/***/stocks_mau']
[2024-11-15T00:11:25.803+0000] {subprocess.py:86} INFO - Output:
[2024-11-15T00:11:34.461+0000] {subprocess.py:93} INFO - [0m00:11:34  Running with dbt=1.8.7
[2024-11-15T00:11:43.485+0000] {subprocess.py:93} INFO - [0m00:11:43  Registered adapter: snowflake=1.8.4
[2024-11-15T00:11:47.374+0000] {subprocess.py:93} INFO - [0m00:11:47  Found 4 models, 10 data tests, 2 snapshots, 1 source, 459 macros
[2024-11-15T00:11:47.490+0000] {subprocess.py:93} INFO - [0m00:11:47
[2024-11-15T00:11:48.557+0000] {subprocess.py:93} INFO - [0m00:11:48  Concurrency: 1 threads (target='dev')
[2024-11-15T00:11:48.558+0000] {subprocess.py:93} INFO - [0m00:11:48
[2024-11-15T00:11:48.590+0000] {subprocess.py:93} INFO - [0m00:11:48  1 of 10 START test dbt_utils_unique_combination_of_columns_moving_average_date__symbol  [RUN]
[2024-11-15T00:11:48.694+0000] {subprocess.py:93} INFO - [0m00:11:48  1 of 10 ERROR dbt_utils_unique_combination_of_columns_moving_average_date__symbol  [[31mERROR[0m in 0.10s]
[2024-11-15T00:11:48.714+0000] {subprocess.py:93} INFO - [0m00:11:48  2 of 10 START test dbt_utils_unique_combination_of_columns_rsi_date__symbol .... [RUN]
[2024-11-15T00:11:48.747+0000] {subprocess.py:93} INFO - [0m00:11:48  2 of 10 ERROR dbt_utils_unique_combination_of_columns_rsi_date__symbol ......... [[31mERROR[0m in 0.03s]
[2024-11-15T00:11:48.768+0000] {subprocess.py:93} INFO - [0m00:11:48  3 of 10 START test not_null_moving_average_date ................................ [RUN]
[2024-11-15T00:11:50.441+0000] {subprocess.py:93} INFO - [0m00:11:50  3 of 10 PASS not_null_moving_average_date ...................................... [[32mPASS[0m in 1.65s]
[2024-11-15T00:11:50.510+0000] {subprocess.py:93} INFO - [0m00:11:50  4 of 10 START test not_null_moving_average_symbol .............................. [RUN]
[2024-11-15T00:11:52.806+0000] {subprocess.py:93} INFO - [0m00:11:52  4 of 10 PASS not_null_moving_average_symbol .................................... [[32mPASS[0m in 2.30s]
[2024-11-15T00:11:52.815+0000] {subprocess.py:93} INFO - [0m00:11:52  5 of 10 START test not_null_my_first_dbt_model_id .............................. [RUN]
[2024-11-15T00:11:53.755+0000] {subprocess.py:93} INFO - [0m00:11:53  5 of 10 FAIL 1 not_null_my_first_dbt_model_id .................................. [[31mFAIL 1[0m in 0.93s]
[2024-11-15T00:11:53.865+0000] {subprocess.py:93} INFO - [0m00:11:53  6 of 10 START test not_null_my_second_dbt_model_id ............................. [RUN]
[2024-11-15T00:11:55.552+0000] {subprocess.py:93} INFO - [0m00:11:55  6 of 10 PASS not_null_my_second_dbt_model_id ................................... [[32mPASS[0m in 1.67s]
[2024-11-15T00:11:55.686+0000] {subprocess.py:93} INFO - [0m00:11:55  7 of 10 START test not_null_rsi_date ........................................... [RUN]
[2024-11-15T00:11:57.462+0000] {subprocess.py:93} INFO - [0m00:11:57  7 of 10 PASS not_null_rsi_date ................................................. [[32mPASS[0m in 1.77s]
[2024-11-15T00:11:57.529+0000] {subprocess.py:93} INFO - [0m00:11:57  8 of 10 START test not_null_rsi_symbol ......................................... [RUN]
[2024-11-15T00:11:59.323+0000] {subprocess.py:93} INFO - [0m00:11:59  8 of 10 PASS not_null_rsi_symbol ............................................... [[32mPASS[0m in 1.77s]
[2024-11-15T00:11:59.343+0000] {subprocess.py:93} INFO - [0m00:11:59  9 of 10 START test unique_my_first_dbt_model_id ................................ [RUN]
[2024-11-15T00:12:00.234+0000] {subprocess.py:93} INFO - [0m00:12:00  9 of 10 PASS unique_my_first_dbt_model_id ...................................... [[32mPASS[0m in 0.89s]
[2024-11-15T00:12:00.251+0000] {subprocess.py:93} INFO - [0m00:12:00  10 of 10 START test unique_my_second_dbt_model_id .............................. [RUN]
[2024-11-15T00:12:01.520+0000] {subprocess.py:93} INFO - [0m00:12:01  10 of 10 PASS unique_my_second_dbt_model_id .................................... [[32mPASS[0m in 1.26s]
[2024-11-15T00:12:01.621+0000] {subprocess.py:93} INFO - [0m00:12:01
[2024-11-15T00:12:01.668+0000] {subprocess.py:93} INFO - [0m00:12:01  Finished running 10 data tests in 0 hours 0 minutes and 14.12 seconds (14.12s).
[2024-11-15T00:12:02.859+0000] {subprocess.py:93} INFO - [0m00:12:02
[2024-11-15T00:12:02.913+0000] {subprocess.py:93} INFO - [0m00:12:02  [31mCompleted with 3 errors and 0 warnings:[0m
[2024-11-15T00:12:02.919+0000] {subprocess.py:93} INFO - [0m00:12:02
[2024-11-15T00:12:02.964+0000] {subprocess.py:93} INFO - [0m00:12:02    Compilation Error in test dbt_utils_unique_combination_of_columns_moving_average_date__symbol (models/input/schema.yml)
[2024-11-15T00:12:02.978+0000] {subprocess.py:93} INFO -   'dbt_utils' is undefined. This can happen when calling a macro that does not exist. Check for typos and/or install package dependencies with "dbt deps".
[2024-11-15T00:12:03.005+0000] {subprocess.py:93} INFO - [0m00:12:02
[2024-11-15T00:12:03.007+0000] {subprocess.py:93} INFO - [0m00:12:02    Compilation Error in test dbt_utils_unique_combination_of_columns_rsi_date__symbol (models/input/schema.yml)
[2024-11-15T00:12:03.008+0000] {subprocess.py:93} INFO -   'dbt_utils' is undefined. This can happen when calling a macro that does not exist. Check for typos and/or install package dependencies with "dbt deps".
[2024-11-15T00:12:03.010+0000] {subprocess.py:93} INFO - [0m00:12:02
[2024-11-15T00:12:03.022+0000] {subprocess.py:93} INFO - [0m00:12:02  [31mFailure in test not_null_my_first_dbt_model_id (models/example/schema.yml)[0m
[2024-11-15T00:12:03.024+0000] {subprocess.py:93} INFO - [0m00:12:02    Got 1 result, configured to fail if != 0
[2024-11-15T00:12:03.036+0000] {subprocess.py:93} INFO - [0m00:12:02
[2024-11-15T00:12:03.059+0000] {subprocess.py:93} INFO - [0m00:12:02    compiled code at target/compiled/stocks_mau/models/example/schema.yml/not_null_my_first_dbt_model_id.sql
[2024-11-15T00:12:03.079+0000] {subprocess.py:93} INFO - [0m00:12:02
[2024-11-15T00:12:03.090+0000] {subprocess.py:93} INFO - [0m00:12:02  Done. PASS=7 WARN=0 ERROR=3 SKIP=0 TOTAL=10
[2024-11-15T00:12:07.519+0000] {subprocess.py:97} INFO - Command exited with return code 1
[2024-11-15T00:12:07.521+0000] {taskinstance.py:441} INFO - ::group::Post task execution logs
[2024-11-15T00:12:07.587+0000] {taskinstance.py:2905} ERROR - Task failed with exception
Traceback (most recent call last):
  File "/home/airflow/.local/lib/python3.12/site-packages/airflow/models/taskinstance.py", line 465, in _execute_task
    result = _execute_callable(context=context, **execute_callable_kwargs)
             ^^^^^^^^^^^^^^^^^^^^^^^^^^^^^^^^^^^^^^^^^^^^^^^^^^^^^^^^^^^^^
  File "/home/airflow/.local/lib/python3.12/site-packages/airflow/models/taskinstance.py", line 432, in _execute_callable
    return execute_callable(context=context, **execute_callable_kwargs)
           ^^^^^^^^^^^^^^^^^^^^^^^^^^^^^^^^^^^^^^^^^^^^^^^^^^^^^^^^^^^^
  File "/home/airflow/.local/lib/python3.12/site-packages/airflow/models/baseoperator.py", line 400, in wrapper
    return func(self, *args, **kwargs)
           ^^^^^^^^^^^^^^^^^^^^^^^^^^^
  File "/home/airflow/.local/lib/python3.12/site-packages/airflow/operators/bash.py", line 243, in execute
    raise AirflowException(
airflow.exceptions.AirflowException: Bash command failed. The command returned a non-zero exit code 1.
[2024-11-15T00:12:07.620+0000] {taskinstance.py:1206} INFO - Marking task as FAILED. dag_id=YfinanceToSnowflake, task_id=dbt_test, run_id=manual__2024-11-15T00:09:53.165924+00:00, execution_date=20241115T000953, start_date=20241115T001124, end_date=20241115T001207
[2024-11-15T00:12:07.716+0000] {standard_task_runner.py:110} ERROR - Failed to execute job 299 for task dbt_test (Bash command failed. The command returned a non-zero exit code 1.; 4989)
[2024-11-15T00:12:07.929+0000] {local_task_job_runner.py:240} INFO - Task exited with return code 1
[2024-11-15T00:12:07.994+0000] {local_task_job_runner.py:222} INFO - ::endgroup::
